# Logfile created on 2016-05-18 16:47:42 -0300 by logger.rb/47272
  INFO ---------------------------------------------------------------------------
  INFO START 2016-05-18 16:47:42 -0300 cap production deploy:test
  INFO ---------------------------------------------------------------------------
  INFO ---------------------------------------------------------------------------
  INFO START 2016-05-18 16:47:45 -0300 cap production deploy:check
  INFO ---------------------------------------------------------------------------
  INFO [f953d067] Running /usr/bin/env mkdir -p /tmp/mttrs-frontend/ as ubuntu@app.server.mtt.rs
  INFO [f953d067] Finished in 2.892 seconds with exit status 0 (successful).
  INFO Uploading /tmp/mttrs-frontend/git-ssh.sh 100.0%
  INFO [84987160] Running /usr/bin/env chmod +rx /tmp/mttrs-frontend/git-ssh.sh as ubuntu@app.server.mtt.rs
  INFO [84987160] Finished in 0.317 seconds with exit status 0 (successful).
  INFO [a1968a48] Running /usr/bin/env git ls-remote --heads git@github.com:alexandrebini/mttrs-frontend.git as ubuntu@app.server.mtt.rs
  INFO [a1968a48] Finished in 0.913 seconds with exit status 0 (successful).
  INFO [b12f78d0] Running /usr/bin/env mkdir -p /home/ubuntu/mttrs-frontend/shared /home/ubuntu/mttrs-frontend/releases as ubuntu@app.server.mtt.rs
  INFO [b12f78d0] Finished in 0.388 seconds with exit status 0 (successful).
  INFO [59a332f1] Running /usr/bin/env mkdir -p /home/ubuntu/mttrs-frontend/shared/log /home/ubuntu/mttrs-frontend/shared/tmp/pids /home/ubuntu/mttrs-frontend/shared/tmp/cache /home/ubuntu/mttrs-frontend/shared/tmp/sockets /home/ubuntu/mttrs-frontend/shared/vendor/bundle /home/ubuntu/mttrs-frontend/shared/public/system /home/ubuntu/mttrs-frontend/shared/node_modules /home/ubuntu/mttrs-frontend/shared/web/node_modules as ubuntu@app.server.mtt.rs
  INFO [59a332f1] Finished in 0.317 seconds with exit status 0 (successful).
  INFO ---------------------------------------------------------------------------
  INFO START 2016-05-18 16:48:04 -0300 cap production deploy
  INFO ---------------------------------------------------------------------------
  INFO [59b4ed04] Running /usr/bin/env mkdir -p /tmp/mttrs-frontend/ as ubuntu@app.server.mtt.rs
  INFO [59b4ed04] Finished in 2.155 seconds with exit status 0 (successful).
  INFO Uploading /tmp/mttrs-frontend/git-ssh.sh 100.0%
  INFO [00b53134] Running /usr/bin/env chmod +rx /tmp/mttrs-frontend/git-ssh.sh as ubuntu@app.server.mtt.rs
  INFO [00b53134] Finished in 0.320 seconds with exit status 0 (successful).
  INFO [ebcaab75] Running /usr/bin/env git ls-remote --heads git@github.com:alexandrebini/mttrs-frontend.git as ubuntu@app.server.mtt.rs
  INFO [ebcaab75] Finished in 3.337 seconds with exit status 0 (successful).
  INFO [d3ae82b4] Running /usr/bin/env mkdir -p /home/ubuntu/mttrs-frontend/shared /home/ubuntu/mttrs-frontend/releases as ubuntu@app.server.mtt.rs
  INFO [d3ae82b4] Finished in 0.388 seconds with exit status 0 (successful).
  INFO [45e15f04] Running /usr/bin/env mkdir -p /home/ubuntu/mttrs-frontend/shared/log /home/ubuntu/mttrs-frontend/shared/tmp/pids /home/ubuntu/mttrs-frontend/shared/tmp/cache /home/ubuntu/mttrs-frontend/shared/tmp/sockets /home/ubuntu/mttrs-frontend/shared/vendor/bundle /home/ubuntu/mttrs-frontend/shared/public/system /home/ubuntu/mttrs-frontend/shared/node_modules /home/ubuntu/mttrs-frontend/shared/web/node_modules as ubuntu@app.server.mtt.rs
  INFO [45e15f04] Finished in 0.320 seconds with exit status 0 (successful).
  INFO [ec3bde46] Running /usr/bin/env git clone --mirror git@github.com:alexandrebini/mttrs-frontend.git /home/ubuntu/mttrs-frontend/repo as ubuntu@app.server.mtt.rs
  INFO [ec3bde46] Finished in 0.965 seconds with exit status 0 (successful).
  INFO [2845d6fc] Running /usr/bin/env git remote update --prune as ubuntu@app.server.mtt.rs
  INFO [2845d6fc] Finished in 0.942 seconds with exit status 0 (successful).
  INFO [b87d588c] Running /usr/bin/env mkdir -p /home/ubuntu/mttrs-frontend/releases/20160518194851 as ubuntu@app.server.mtt.rs
  INFO [b87d588c] Finished in 0.322 seconds with exit status 0 (successful).
  INFO [3e30d537] Running /usr/bin/env git archive features/capistrano web | tar -x --strip-components 1 -f - -C /home/ubuntu/mttrs-frontend/releases/20160518194851 as ubuntu@app.server.mtt.rs
  INFO ---------------------------------------------------------------------------
  INFO START 2016-05-18 16:56:58 -0300 cap production deploy
  INFO ---------------------------------------------------------------------------
  INFO [5e322a63] Running /usr/bin/env mkdir -p /tmp/mttrs-frontend/ as ubuntu@app.server.mtt.rs
  INFO [5e322a63] Finished in 2.926 seconds with exit status 0 (successful).
  INFO Uploading /tmp/mttrs-frontend/git-ssh.sh 100.0%
  INFO [a1870a44] Running /usr/bin/env chmod +rx /tmp/mttrs-frontend/git-ssh.sh as ubuntu@app.server.mtt.rs
  INFO [a1870a44] Finished in 0.317 seconds with exit status 0 (successful).
  INFO [b2384acd] Running /usr/bin/env git ls-remote --heads git@github.com:alexandrebini/mttrs-frontend.git as ubuntu@app.server.mtt.rs
  INFO [b2384acd] Finished in 3.126 seconds with exit status 0 (successful).
  INFO [0214a942] Running /usr/bin/env mkdir -p /home/ubuntu/mttrs-frontend/shared /home/ubuntu/mttrs-frontend/releases as ubuntu@app.server.mtt.rs
  INFO [0214a942] Finished in 0.317 seconds with exit status 0 (successful).
  INFO [9d3e5c4b] Running /usr/bin/env mkdir -p /home/ubuntu/mttrs-frontend/shared/log /home/ubuntu/mttrs-frontend/shared/tmp/pids /home/ubuntu/mttrs-frontend/shared/tmp/cache /home/ubuntu/mttrs-frontend/shared/tmp/sockets /home/ubuntu/mttrs-frontend/shared/vendor/bundle /home/ubuntu/mttrs-frontend/shared/public/system /home/ubuntu/mttrs-frontend/shared/node_modules /home/ubuntu/mttrs-frontend/shared/web/node_modules as ubuntu@app.server.mtt.rs
  INFO [9d3e5c4b] Finished in 0.315 seconds with exit status 0 (successful).
  INFO The repository mirror is at /home/ubuntu/mttrs-frontend/repo
  INFO [e1a7bc79] Running /usr/bin/env git remote update --prune as ubuntu@app.server.mtt.rs
  INFO [e1a7bc79] Finished in 0.918 seconds with exit status 0 (successful).
  INFO [a0e8bf1e] Running /usr/bin/env mkdir -p /home/ubuntu/mttrs-frontend/releases/20160518195706 as ubuntu@app.server.mtt.rs
  INFO [a0e8bf1e] Finished in 0.318 seconds with exit status 0 (successful).
  INFO [66023c76] Running /usr/bin/env git archive features/capistrano | tar -x -f - -C /home/ubuntu/mttrs-frontend/releases/20160518195706 as ubuntu@app.server.mtt.rs
